p/169_954_1723607581.0143585.png 1 0 0 180 120
p/168_1244_1723607580.685007.png 1 0 0 180 120
p/167_1087_1723607580.3436294.png 1 0 0 180 120
p/166_1132_1723607580.0217206.png 1 0 0 180 120
p/165_960_1723607579.6858237.png 1 0 0 180 120
p/164_1311_1723607579.3509479.png 1 0 0 180 120
p/163_1344_1723607579.0164444.png 1 0 0 180 120
p/162_930_1723607578.680814.png 1 0 0 180 120
p/161_933_1723607578.3429494.png 1 0 0 180 120
p/160_1077_1723607578.0088503.png 1 0 0 180 120
p/159_1186_1723607577.6719077.png 1 0 0 180 120
p/158_1225_1723607577.334688.png 1 0 0 180 120
p/157_1328_1723607576.9993684.png 1 0 0 180 120
p/156_1130_1723607576.6635706.png 1 0 0 180 120
p/155_1192_1723607576.3254335.png 1 0 0 180 120
p/154_1404_1723607576.0221841.png 1 0 0 180 120
p/153_2062_1723607575.6861837.png 1 0 0 180 120
p/152_1737_1723607575.350112.png 1 0 0 180 120
p/151_1919_1723607575.0139122.png 1 0 0 180 120
p/150_1826_1723607574.6781173.png 1 0 0 180 120
p/149_1604_1723607574.3423357.png 1 0 0 180 120
p/148_1990_1723607574.007686.png 1 0 0 180 120
p/147_1898_1723607573.6716797.png 1 0 0 180 120
p/146_2034_1723607573.3356197.png 1 0 0 180 120
p/145_2016_1723607572.999937.png 1 0 0 180 120
p/144_2059_1723607572.6642878.png 1 0 0 180 120
p/143_1944_1723607572.3271437.png 1 0 0 180 120
p/142_1806_1723607572.02185.png 1 0 0 180 120
p/141_2005_1723607571.686084.png 1 0 0 180 120
p/140_1987_1723607571.3506234.png 1 0 0 180 120
p/139_1576_1723607571.0149574.png 1 0 0 180 120
p/138_1848_1723607570.6805694.png 1 0 0 180 120
p/137_1989_1723607570.342052.png 1 0 0 180 120
p/136_1933_1723607570.0061746.png 1 0 0 180 120
p/135_2031_1723607569.686221.png 1 0 0 180 120
p/134_2151_1723607569.350516.png 1 0 0 180 120
p/133_1985_1723607569.0149212.png 1 0 0 180 120
p/132_1990_1723607568.6797795.png 1 0 0 180 120
p/131_1892_1723607568.3434196.png 1 0 0 180 120
p/130_1685_1723607568.0132172.png 1 0 0 180 120
p/129_1526_1723607567.6812396.png 1 0 0 180 120
p/128_1440_1723607567.3449318.png 1 0 0 180 120
p/127_1819_1723607567.0133684.png 1 0 0 180 120
p/126_2172_1723607566.684427.png 1 0 0 180 120
p/125_1763_1723607566.3262107.png 1 0 0 180 120
p/124_2061_1723607566.0227776.png 1 0 0 180 120
p/123_1567_1723607565.68611.png 1 0 0 180 120
p/122_1643_1723607565.3526278.png 1 0 0 180 120
p/121_1835_1723607565.0145526.png 1 0 0 180 120
p/120_1526_1723607564.6786299.png 1 0 0 180 120
p/119_1514_1723607564.3422484.png 1 0 0 180 120
p/118_1924_1723607564.005856.png 1 0 0 180 120
p/117_2409_1723607563.6705534.png 1 0 0 180 120
p/116_1683_1723607563.334855.png 1 0 0 180 120
p/115_1470_1723607562.9999557.png 1 0 0 180 120
p/114_1592_1723607562.66493.png 1 0 0 180 120
p/113_1699_1723607562.3272734.png 1 0 0 180 120
p/112_1520_1723607562.0227847.png 1 0 0 180 120
p/111_1407_1723607561.6862679.png 1 0 0 180 120
p/110_1433_1723607561.3515947.png 1 0 0 180 120
p/109_1423_1723607561.0148535.png 1 0 0 180 120
p/108_1152_1723607560.6783655.png 1 0 0 180 120
p/107_1228_1723607560.3420718.png 1 0 0 180 120
p/106_1270_1723607560.0084953.png 1 0 0 180 120
p/105_937_1723607559.6708364.png 1 0 0 180 120
p/104_916_1723607559.334716.png 1 0 0 180 120
p/103_829_1723607558.9995842.png 1 0 0 180 120
p/102_798_1723607558.6655955.png 1 0 0 180 120
p/101_879_1723607558.3271866.png 1 0 0 180 120
p/100_895_1723607558.0228567.png 1 0 0 180 120
p/99_909_1723607557.6859994.png 1 0 0 180 120
p/98_1002_1723607557.3515184.png 1 0 0 180 120
p/97_1167_1723607557.0159092.png 1 0 0 180 120
p/96_1167_1723607556.677912.png 1 0 0 180 120
p/95_1376_1723607556.3444686.png 1 0 0 180 120
p/94_1465_1723607556.0223813.png 1 0 0 180 120
p/93_1779_1723607555.6863594.png 1 0 0 180 120
p/92_1251_1723607555.3497226.png 1 0 0 180 120
p/91_1304_1723607555.01449.png 1 0 0 180 120
p/90_1375_1723607554.6788743.png 1 0 0 180 120
p/89_1214_1723607554.342478.png 1 0 0 180 120
p/88_1549_1723607554.025093.png 1 0 0 180 120
p/87_1401_1723607553.6844854.png 1 0 0 180 120
p/86_1463_1723607553.340107.png 1 0 0 180 120
p/85_1370_1723607553.024583.png 1 0 0 180 120
p/84_1436_1723607552.6666882.png 1 0 0 180 120
p/83_1399_1723607552.3263862.png 1 0 0 180 120
p/82_1191_1723607552.022245.png 1 0 0 180 120
p/81_1065_1723607551.6859753.png 1 0 0 180 120
p/80_1069_1723607551.3508718.png 1 0 0 180 120
p/79_968_1723607551.014974.png 1 0 0 180 120
p/78_990_1723607550.6776652.png 1 0 0 180 120
p/77_1045_1723607550.342459.png 1 0 0 180 120
p/76_1100_1723607550.0068681.png 1 0 0 180 120
p/75_1101_1723607549.6697981.png 1 0 0 180 120
p/74_1193_1723607549.3450909.png 1 0 0 180 120
p/73_1968_1723607548.999467.png 1 0 0 180 120
p/72_1820_1723607548.663296.png 1 0 0 180 120
p/71_2612_1723607548.3261263.png 1 0 0 180 120
p/70_2563_1723607548.0245945.png 1 0 0 180 120